==============================================================================
20180205 17:05:16.751 - INFO - + START SUITE: Acceptancetest [ ]
==============================================================================
20180205 17:05:16.954 - INFO - +- START SUITE: Acceptancetest.TicTacToeTests [ ]
==============================================================================
20180205 17:05:16.970 - INFO - +-- START TEST: Win Diagonally as X [ ]
------------------------------------------------------------------------------
20180205 17:05:16.986 - INFO - +--- START KW: keywords.TicTacToeKeywords.Start New Game [ ]
20180205 17:05:17.017 - INFO - +--- END KW: keywords.TicTacToeKeywords.Start New Game (31)
~~~~~~~~~~~~~~~~~~~~~~~~~~~~~~~~~~~~~~~~~~~~~~~~~~~~~~~~~~~~~~~~~~~~~~~~~~~~~~
20180205 17:05:17.033 - INFO - +--- START KW: keywords.TicTacToeKeywords.Mark Location [ 1 | 1 ]
20180205 17:05:17.048 - INFO - +--- END KW: keywords.TicTacToeKeywords.Mark Location (16)
~~~~~~~~~~~~~~~~~~~~~~~~~~~~~~~~~~~~~~~~~~~~~~~~~~~~~~~~~~~~~~~~~~~~~~~~~~~~~~
20180205 17:05:17.048 - INFO - +--- START KW: Check Location [ 1 | 1 | X ]
20180205 17:05:17.064 - INFO - +---- START KW: keywords.TicTacToeKeywords.Get Mark [ ${row} | ${col} ]
20180205 17:05:17.079 - INFO - ${m} = X
20180205 17:05:17.095 - INFO - +---- END KW: keywords.TicTacToeKeywords.Get Mark (31)
20180205 17:05:17.095 - INFO - +---- START KW: BuiltIn.Should Be Equal [ ${m} | ${mark} ]
20180205 17:05:17.142 - INFO - +---- END KW: BuiltIn.Should Be Equal (47)
20180205 17:05:17.158 - INFO - +--- END KW: Check Location (94)
~~~~~~~~~~~~~~~~~~~~~~~~~~~~~~~~~~~~~~~~~~~~~~~~~~~~~~~~~~~~~~~~~~~~~~~~~~~~~~
20180205 17:05:17.173 - INFO - +--- START KW: keywords.TicTacToeKeywords.Mark Location [ 0 | 1 ]
20180205 17:05:17.173 - INFO - +--- END KW: keywords.TicTacToeKeywords.Mark Location (0)
~~~~~~~~~~~~~~~~~~~~~~~~~~~~~~~~~~~~~~~~~~~~~~~~~~~~~~~~~~~~~~~~~~~~~~~~~~~~~~
20180205 17:05:17.189 - INFO - +--- START KW: Check Location [ 0 | 1 | O ]
20180205 17:05:17.204 - INFO - +---- START KW: keywords.TicTacToeKeywords.Get Mark [ ${row} | ${col} ]
20180205 17:05:17.220 - INFO - ${m} = O
20180205 17:05:17.220 - INFO - +---- END KW: keywords.TicTacToeKeywords.Get Mark (16)
20180205 17:05:17.236 - INFO - +---- START KW: BuiltIn.Should Be Equal [ ${m} | ${mark} ]
20180205 17:05:17.251 - INFO - +---- END KW: BuiltIn.Should Be Equal (15)
20180205 17:05:17.267 - INFO - +--- END KW: Check Location (62)
~~~~~~~~~~~~~~~~~~~~~~~~~~~~~~~~~~~~~~~~~~~~~~~~~~~~~~~~~~~~~~~~~~~~~~~~~~~~~~
20180205 17:05:17.267 - INFO - +--- START KW: keywords.TicTacToeKeywords.Mark Location [ 0 | 0 ]
20180205 17:05:17.298 - INFO - +--- END KW: keywords.TicTacToeKeywords.Mark Location (31)
~~~~~~~~~~~~~~~~~~~~~~~~~~~~~~~~~~~~~~~~~~~~~~~~~~~~~~~~~~~~~~~~~~~~~~~~~~~~~~
20180205 17:05:17.298 - INFO - +--- START KW: Check Location [ 0 | 0 | X ]
20180205 17:05:17.376 - INFO - +---- START KW: keywords.TicTacToeKeywords.Get Mark [ ${row} | ${col} ]
20180205 17:05:17.392 - INFO - ${m} = X
20180205 17:05:17.392 - INFO - +---- END KW: keywords.TicTacToeKeywords.Get Mark (16)
20180205 17:05:17.408 - INFO - +---- START KW: BuiltIn.Should Be Equal [ ${m} | ${mark} ]
20180205 17:05:17.423 - INFO - +---- END KW: BuiltIn.Should Be Equal (15)
20180205 17:05:17.423 - INFO - +--- END KW: Check Location (125)
~~~~~~~~~~~~~~~~~~~~~~~~~~~~~~~~~~~~~~~~~~~~~~~~~~~~~~~~~~~~~~~~~~~~~~~~~~~~~~
20180205 17:05:17.454 - INFO - +--- START KW: keywords.TicTacToeKeywords.Mark Location [ 0 | 2 ]
20180205 17:05:17.486 - INFO - +--- END KW: keywords.TicTacToeKeywords.Mark Location (32)
~~~~~~~~~~~~~~~~~~~~~~~~~~~~~~~~~~~~~~~~~~~~~~~~~~~~~~~~~~~~~~~~~~~~~~~~~~~~~~
20180205 17:05:17.486 - INFO - +--- START KW: Check Location [ 0 | 2 | O ]
20180205 17:05:17.533 - INFO - +---- START KW: keywords.TicTacToeKeywords.Get Mark [ ${row} | ${col} ]
20180205 17:05:17.564 - INFO - ${m} = O
20180205 17:05:17.564 - INFO - +---- END KW: keywords.TicTacToeKeywords.Get Mark (31)
20180205 17:05:17.564 - INFO - +---- START KW: BuiltIn.Should Be Equal [ ${m} | ${mark} ]
20180205 17:05:17.595 - INFO - +---- END KW: BuiltIn.Should Be Equal (31)
20180205 17:05:17.626 - INFO - +--- END KW: Check Location (125)
~~~~~~~~~~~~~~~~~~~~~~~~~~~~~~~~~~~~~~~~~~~~~~~~~~~~~~~~~~~~~~~~~~~~~~~~~~~~~~
20180205 17:05:17.626 - INFO - +--- START KW: keywords.TicTacToeKeywords.Mark Location [ 2 | 2 ]
20180205 17:05:17.642 - INFO - +--- END KW: keywords.TicTacToeKeywords.Mark Location (16)
~~~~~~~~~~~~~~~~~~~~~~~~~~~~~~~~~~~~~~~~~~~~~~~~~~~~~~~~~~~~~~~~~~~~~~~~~~~~~~
20180205 17:05:17.642 - INFO - +--- START KW: Check Location [ 2 | 2 | X ]
20180205 17:05:17.673 - INFO - +---- START KW: keywords.TicTacToeKeywords.Get Mark [ ${row} | ${col} ]
20180205 17:05:17.689 - INFO - ${m} = X
20180205 17:05:17.689 - INFO - +---- END KW: keywords.TicTacToeKeywords.Get Mark (16)
20180205 17:05:17.704 - INFO - +---- START KW: BuiltIn.Should Be Equal [ ${m} | ${mark} ]
20180205 17:05:17.720 - INFO - +---- END KW: BuiltIn.Should Be Equal (31)
20180205 17:05:17.720 - INFO - +--- END KW: Check Location (78)
~~~~~~~~~~~~~~~~~~~~~~~~~~~~~~~~~~~~~~~~~~~~~~~~~~~~~~~~~~~~~~~~~~~~~~~~~~~~~~
20180205 17:05:17.736 - INFO - +--- START KW: Winner Should Be [ X ]
20180205 17:05:17.736 - INFO - +---- START KW: keywords.TicTacToeKeywords.Get Winner [ ]
20180205 17:05:17.751 - INFO - ${m} = X
20180205 17:05:17.798 - INFO - +---- END KW: keywords.TicTacToeKeywords.Get Winner (47)
20180205 17:05:17.798 - INFO - +---- START KW: BuiltIn.Should Be Equal [ ${m} | ${mark} ]
20180205 17:05:17.814 - INFO - +---- END KW: BuiltIn.Should Be Equal (16)
20180205 17:05:17.829 - INFO - +--- END KW: Winner Should Be (94)
------------------------------------------------------------------------------
20180205 17:05:17.845 - INFO - +-- END TEST: Win Diagonally as X (859)
------------------------------------------------------------------------------
20180205 17:05:17.845 - INFO - +-- START TEST: Win Horizontally as O [ ]
------------------------------------------------------------------------------
20180205 17:05:17.876 - INFO - +--- START KW: keywords.TicTacToeKeywords.Start New Game [ ]
20180205 17:05:17.876 - INFO - +--- END KW: keywords.TicTacToeKeywords.Start New Game (0)
~~~~~~~~~~~~~~~~~~~~~~~~~~~~~~~~~~~~~~~~~~~~~~~~~~~~~~~~~~~~~~~~~~~~~~~~~~~~~~
20180205 17:05:17.892 - INFO - +--- START KW: keywords.TicTacToeKeywords.Mark Location [ 1 | 1 ]
20180205 17:05:17.908 - INFO - +--- END KW: keywords.TicTacToeKeywords.Mark Location (0)
~~~~~~~~~~~~~~~~~~~~~~~~~~~~~~~~~~~~~~~~~~~~~~~~~~~~~~~~~~~~~~~~~~~~~~~~~~~~~~
20180205 17:05:17.908 - INFO - +--- START KW: Check Location [ 1 | 1 | X ]
20180205 17:05:17.923 - INFO - +---- START KW: keywords.TicTacToeKeywords.Get Mark [ ${row} | ${col} ]
20180205 17:05:17.923 - INFO - ${m} = X
20180205 17:05:17.939 - INFO - +---- END KW: keywords.TicTacToeKeywords.Get Mark (16)
20180205 17:05:17.939 - INFO - +---- START KW: BuiltIn.Should Be Equal [ ${m} | ${mark} ]
20180205 17:05:17.954 - INFO - +---- END KW: BuiltIn.Should Be Equal (15)
20180205 17:05:17.954 - INFO - +--- END KW: Check Location (46)
~~~~~~~~~~~~~~~~~~~~~~~~~~~~~~~~~~~~~~~~~~~~~~~~~~~~~~~~~~~~~~~~~~~~~~~~~~~~~~
20180205 17:05:17.954 - INFO - +--- START KW: keywords.TicTacToeKeywords.Mark Location [ 2 | 0 ]
20180205 17:05:17.986 - INFO - +--- END KW: keywords.TicTacToeKeywords.Mark Location (16)
~~~~~~~~~~~~~~~~~~~~~~~~~~~~~~~~~~~~~~~~~~~~~~~~~~~~~~~~~~~~~~~~~~~~~~~~~~~~~~
20180205 17:05:17.986 - INFO - +--- START KW: Check Location [ 2 | 0 | O ]
20180205 17:05:18.001 - INFO - +---- START KW: keywords.TicTacToeKeywords.Get Mark [ ${row} | ${col} ]
20180205 17:05:18.001 - INFO - ${m} = O
20180205 17:05:18.017 - INFO - +---- END KW: keywords.TicTacToeKeywords.Get Mark (0)
20180205 17:05:18.017 - INFO - +---- START KW: BuiltIn.Should Be Equal [ ${m} | ${mark} ]
20180205 17:05:18.033 - INFO - +---- END KW: BuiltIn.Should Be Equal (16)
20180205 17:05:18.064 - INFO - +--- END KW: Check Location (47)
~~~~~~~~~~~~~~~~~~~~~~~~~~~~~~~~~~~~~~~~~~~~~~~~~~~~~~~~~~~~~~~~~~~~~~~~~~~~~~
20180205 17:05:18.064 - INFO - +--- START KW: keywords.TicTacToeKeywords.Mark Location [ 0 | 0 ]
20180205 17:05:18.095 - INFO - +--- END KW: keywords.TicTacToeKeywords.Mark Location (15)
~~~~~~~~~~~~~~~~~~~~~~~~~~~~~~~~~~~~~~~~~~~~~~~~~~~~~~~~~~~~~~~~~~~~~~~~~~~~~~
20180205 17:05:18.095 - INFO - +--- START KW: Check Location [ 0 | 0 | X ]
20180205 17:05:18.095 - INFO - +---- START KW: keywords.TicTacToeKeywords.Get Mark [ ${row} | ${col} ]
20180205 17:05:18.111 - INFO - ${m} = X
20180205 17:05:18.126 - INFO - +---- END KW: keywords.TicTacToeKeywords.Get Mark (16)
20180205 17:05:18.142 - INFO - +---- START KW: BuiltIn.Should Be Equal [ ${m} | ${mark} ]
20180205 17:05:18.173 - INFO - +---- END KW: BuiltIn.Should Be Equal (31)
20180205 17:05:18.189 - INFO - +--- END KW: Check Location (94)
~~~~~~~~~~~~~~~~~~~~~~~~~~~~~~~~~~~~~~~~~~~~~~~~~~~~~~~~~~~~~~~~~~~~~~~~~~~~~~
20180205 17:05:18.189 - INFO - +--- START KW: keywords.TicTacToeKeywords.Mark Location [ 2 | 2 ]
20180205 17:05:18.204 - INFO - +--- END KW: keywords.TicTacToeKeywords.Mark Location (15)
~~~~~~~~~~~~~~~~~~~~~~~~~~~~~~~~~~~~~~~~~~~~~~~~~~~~~~~~~~~~~~~~~~~~~~~~~~~~~~
20180205 17:05:18.204 - INFO - +--- START KW: Check Location [ 2 | 2 | O ]
20180205 17:05:18.220 - INFO - +---- START KW: keywords.TicTacToeKeywords.Get Mark [ ${row} | ${col} ]
20180205 17:05:18.236 - INFO - ${m} = O
20180205 17:05:18.236 - INFO - +---- END KW: keywords.TicTacToeKeywords.Get Mark (16)
20180205 17:05:18.251 - INFO - +---- START KW: BuiltIn.Should Be Equal [ ${m} | ${mark} ]
20180205 17:05:18.251 - INFO - +---- END KW: BuiltIn.Should Be Equal (0)
20180205 17:05:18.267 - INFO - +--- END KW: Check Location (47)
~~~~~~~~~~~~~~~~~~~~~~~~~~~~~~~~~~~~~~~~~~~~~~~~~~~~~~~~~~~~~~~~~~~~~~~~~~~~~~
20180205 17:05:18.267 - INFO - +--- START KW: keywords.TicTacToeKeywords.Mark Location [ 0 | 2 ]
20180205 17:05:18.298 - INFO - +--- END KW: keywords.TicTacToeKeywords.Mark Location (16)
~~~~~~~~~~~~~~~~~~~~~~~~~~~~~~~~~~~~~~~~~~~~~~~~~~~~~~~~~~~~~~~~~~~~~~~~~~~~~~
20180205 17:05:18.314 - INFO - +--- START KW: Check Location [ 0 | 2 | X ]
20180205 17:05:18.329 - INFO - +---- START KW: keywords.TicTacToeKeywords.Get Mark [ ${row} | ${col} ]
20180205 17:05:18.329 - INFO - ${m} = X
20180205 17:05:18.329 - INFO - +---- END KW: keywords.TicTacToeKeywords.Get Mark (0)
20180205 17:05:18.345 - INFO - +---- START KW: BuiltIn.Should Be Equal [ ${m} | ${mark} ]
20180205 17:05:18.361 - INFO - +---- END KW: BuiltIn.Should Be Equal (16)
20180205 17:05:18.361 - INFO - +--- END KW: Check Location (47)
~~~~~~~~~~~~~~~~~~~~~~~~~~~~~~~~~~~~~~~~~~~~~~~~~~~~~~~~~~~~~~~~~~~~~~~~~~~~~~
20180205 17:05:18.361 - INFO - +--- START KW: keywords.TicTacToeKeywords.Mark Location [ 2 | 1 ]
20180205 17:05:18.376 - INFO - +--- END KW: keywords.TicTacToeKeywords.Mark Location (15)
~~~~~~~~~~~~~~~~~~~~~~~~~~~~~~~~~~~~~~~~~~~~~~~~~~~~~~~~~~~~~~~~~~~~~~~~~~~~~~
20180205 17:05:18.392 - INFO - +--- START KW: Check Location [ 2 | 1 | O ]
20180205 17:05:18.408 - INFO - +---- START KW: keywords.TicTacToeKeywords.Get Mark [ ${row} | ${col} ]
20180205 17:05:18.408 - INFO - ${m} = O
20180205 17:05:18.408 - INFO - +---- END KW: keywords.TicTacToeKeywords.Get Mark (0)
20180205 17:05:18.423 - INFO - +---- START KW: BuiltIn.Should Be Equal [ ${m} | ${mark} ]
20180205 17:05:18.439 - INFO - +---- END KW: BuiltIn.Should Be Equal (0)
20180205 17:05:18.439 - INFO - +--- END KW: Check Location (47)
~~~~~~~~~~~~~~~~~~~~~~~~~~~~~~~~~~~~~~~~~~~~~~~~~~~~~~~~~~~~~~~~~~~~~~~~~~~~~~
20180205 17:05:18.439 - INFO - +--- START KW: Winner Should Be [ O ]
20180205 17:05:18.439 - INFO - +---- START KW: keywords.TicTacToeKeywords.Get Winner [ ]
20180205 17:05:18.454 - INFO - ${m} = O
20180205 17:05:18.454 - INFO - +---- END KW: keywords.TicTacToeKeywords.Get Winner (15)
20180205 17:05:18.470 - INFO - +---- START KW: BuiltIn.Should Be Equal [ ${m} | ${mark} ]
20180205 17:05:18.470 - INFO - +---- END KW: BuiltIn.Should Be Equal (16)
20180205 17:05:18.486 - INFO - +--- END KW: Winner Should Be (47)
------------------------------------------------------------------------------
20180205 17:05:18.486 - INFO - +-- END TEST: Win Horizontally as O (641)
------------------------------------------------------------------------------
20180205 17:05:18.501 - INFO - +-- START TEST: Force a Tie [ ]
------------------------------------------------------------------------------
20180205 17:05:18.517 - INFO - +--- START KW: keywords.TicTacToeKeywords.Start New Game [ ]
20180205 17:05:18.533 - INFO - +--- END KW: keywords.TicTacToeKeywords.Start New Game (16)
~~~~~~~~~~~~~~~~~~~~~~~~~~~~~~~~~~~~~~~~~~~~~~~~~~~~~~~~~~~~~~~~~~~~~~~~~~~~~~
20180205 17:05:18.533 - INFO - +--- START KW: keywords.TicTacToeKeywords.Mark Location [ 1 | 1 ]
20180205 17:05:18.579 - INFO - +--- END KW: keywords.TicTacToeKeywords.Mark Location (31)
~~~~~~~~~~~~~~~~~~~~~~~~~~~~~~~~~~~~~~~~~~~~~~~~~~~~~~~~~~~~~~~~~~~~~~~~~~~~~~
20180205 17:05:18.579 - INFO - +--- START KW: Check Location [ 1 | 1 | X ]
20180205 17:05:18.595 - INFO - +---- START KW: keywords.TicTacToeKeywords.Get Mark [ ${row} | ${col} ]
20180205 17:05:18.611 - INFO - ${m} = X
20180205 17:05:18.611 - INFO - +---- END KW: keywords.TicTacToeKeywords.Get Mark (16)
20180205 17:05:18.611 - INFO - +---- START KW: BuiltIn.Should Be Equal [ ${m} | ${mark} ]
20180205 17:05:18.626 - INFO - +---- END KW: BuiltIn.Should Be Equal (15)
20180205 17:05:18.626 - INFO - +--- END KW: Check Location (47)
~~~~~~~~~~~~~~~~~~~~~~~~~~~~~~~~~~~~~~~~~~~~~~~~~~~~~~~~~~~~~~~~~~~~~~~~~~~~~~
20180205 17:05:18.626 - INFO - +--- START KW: keywords.TicTacToeKeywords.Mark Location [ 0 | 0 ]
20180205 17:05:18.642 - INFO - +--- END KW: keywords.TicTacToeKeywords.Mark Location (16)
~~~~~~~~~~~~~~~~~~~~~~~~~~~~~~~~~~~~~~~~~~~~~~~~~~~~~~~~~~~~~~~~~~~~~~~~~~~~~~
20180205 17:05:18.642 - INFO - +--- START KW: Check Location [ 0 | 0 | O ]
20180205 17:05:18.658 - INFO - +---- START KW: keywords.TicTacToeKeywords.Get Mark [ ${row} | ${col} ]
20180205 17:05:18.673 - INFO - ${m} = O
20180205 17:05:18.689 - INFO - +---- END KW: keywords.TicTacToeKeywords.Get Mark (15)
20180205 17:05:18.689 - INFO - +---- START KW: BuiltIn.Should Be Equal [ ${m} | ${mark} ]
20180205 17:05:18.705 - INFO - +---- END KW: BuiltIn.Should Be Equal (16)
20180205 17:05:18.705 - INFO - +--- END KW: Check Location (63)
~~~~~~~~~~~~~~~~~~~~~~~~~~~~~~~~~~~~~~~~~~~~~~~~~~~~~~~~~~~~~~~~~~~~~~~~~~~~~~
20180205 17:05:18.720 - INFO - +--- START KW: keywords.TicTacToeKeywords.Mark Location [ 2 | 0 ]
20180205 17:05:18.720 - INFO - +--- END KW: keywords.TicTacToeKeywords.Mark Location (0)
~~~~~~~~~~~~~~~~~~~~~~~~~~~~~~~~~~~~~~~~~~~~~~~~~~~~~~~~~~~~~~~~~~~~~~~~~~~~~~
20180205 17:05:18.736 - INFO - +--- START KW: Check Location [ 2 | 0 | X ]
20180205 17:05:18.751 - INFO - +---- START KW: keywords.TicTacToeKeywords.Get Mark [ ${row} | ${col} ]
20180205 17:05:18.767 - INFO - ${m} = X
20180205 17:05:18.767 - INFO - +---- END KW: keywords.TicTacToeKeywords.Get Mark (16)
20180205 17:05:18.767 - INFO - +---- START KW: BuiltIn.Should Be Equal [ ${m} | ${mark} ]
20180205 17:05:18.783 - INFO - +---- END KW: BuiltIn.Should Be Equal (16)
20180205 17:05:18.783 - INFO - +--- END KW: Check Location (63)
~~~~~~~~~~~~~~~~~~~~~~~~~~~~~~~~~~~~~~~~~~~~~~~~~~~~~~~~~~~~~~~~~~~~~~~~~~~~~~
20180205 17:05:18.798 - INFO - +--- START KW: keywords.TicTacToeKeywords.Mark Location [ 0 | 2 ]
20180205 17:05:18.798 - INFO - +--- END KW: keywords.TicTacToeKeywords.Mark Location (0)
~~~~~~~~~~~~~~~~~~~~~~~~~~~~~~~~~~~~~~~~~~~~~~~~~~~~~~~~~~~~~~~~~~~~~~~~~~~~~~
20180205 17:05:18.798 - INFO - +--- START KW: Check Location [ 0 | 2 | O ]
20180205 17:05:18.814 - INFO - +---- START KW: keywords.TicTacToeKeywords.Get Mark [ ${row} | ${col} ]
20180205 17:05:18.845 - INFO - ${m} = O
20180205 17:05:18.845 - INFO - +---- END KW: keywords.TicTacToeKeywords.Get Mark (31)
20180205 17:05:18.845 - INFO - +---- START KW: BuiltIn.Should Be Equal [ ${m} | ${mark} ]
20180205 17:05:18.861 - INFO - +---- END KW: BuiltIn.Should Be Equal (16)
20180205 17:05:18.861 - INFO - +--- END KW: Check Location (63)
~~~~~~~~~~~~~~~~~~~~~~~~~~~~~~~~~~~~~~~~~~~~~~~~~~~~~~~~~~~~~~~~~~~~~~~~~~~~~~
20180205 17:05:18.861 - INFO - +--- START KW: keywords.TicTacToeKeywords.Mark Location [ 0 | 1 ]
20180205 17:05:18.876 - INFO - +--- END KW: keywords.TicTacToeKeywords.Mark Location (15)
~~~~~~~~~~~~~~~~~~~~~~~~~~~~~~~~~~~~~~~~~~~~~~~~~~~~~~~~~~~~~~~~~~~~~~~~~~~~~~
20180205 17:05:18.876 - INFO - +--- START KW: Check Location [ 0 | 1 | X ]
20180205 17:05:18.892 - INFO - +---- START KW: keywords.TicTacToeKeywords.Get Mark [ ${row} | ${col} ]
20180205 17:05:18.908 - INFO - ${m} = X
20180205 17:05:18.908 - INFO - +---- END KW: keywords.TicTacToeKeywords.Get Mark (16)
20180205 17:05:18.908 - INFO - +---- START KW: BuiltIn.Should Be Equal [ ${m} | ${mark} ]
20180205 17:05:18.923 - INFO - +---- END KW: BuiltIn.Should Be Equal (15)
20180205 17:05:18.923 - INFO - +--- END KW: Check Location (47)
~~~~~~~~~~~~~~~~~~~~~~~~~~~~~~~~~~~~~~~~~~~~~~~~~~~~~~~~~~~~~~~~~~~~~~~~~~~~~~
20180205 17:05:18.923 - INFO - +--- START KW: keywords.TicTacToeKeywords.Mark Location [ 2 | 1 ]
20180205 17:05:18.939 - INFO - +--- END KW: keywords.TicTacToeKeywords.Mark Location (16)
~~~~~~~~~~~~~~~~~~~~~~~~~~~~~~~~~~~~~~~~~~~~~~~~~~~~~~~~~~~~~~~~~~~~~~~~~~~~~~
20180205 17:05:18.939 - INFO - +--- START KW: Check Location [ 2 | 1 | O ]
20180205 17:05:18.986 - INFO - +---- START KW: keywords.TicTacToeKeywords.Get Mark [ ${row} | ${col} ]
20180205 17:05:19.001 - INFO - ${m} = O
20180205 17:05:19.017 - INFO - +---- END KW: keywords.TicTacToeKeywords.Get Mark (15)
20180205 17:05:19.017 - INFO - +---- START KW: BuiltIn.Should Be Equal [ ${m} | ${mark} ]
20180205 17:05:19.033 - INFO - +---- END KW: BuiltIn.Should Be Equal (16)
20180205 17:05:19.033 - INFO - +--- END KW: Check Location (94)
~~~~~~~~~~~~~~~~~~~~~~~~~~~~~~~~~~~~~~~~~~~~~~~~~~~~~~~~~~~~~~~~~~~~~~~~~~~~~~
20180205 17:05:19.033 - INFO - +--- START KW: keywords.TicTacToeKeywords.Mark Location [ 1 | 2 ]
20180205 17:05:19.048 - INFO - +--- END KW: keywords.TicTacToeKeywords.Mark Location (15)
~~~~~~~~~~~~~~~~~~~~~~~~~~~~~~~~~~~~~~~~~~~~~~~~~~~~~~~~~~~~~~~~~~~~~~~~~~~~~~
20180205 17:05:19.048 - INFO - +--- START KW: Check Location [ 1 | 2 | X ]
20180205 17:05:19.064 - INFO - +---- START KW: keywords.TicTacToeKeywords.Get Mark [ ${row} | ${col} ]
20180205 17:05:19.064 - INFO - ${m} = X
20180205 17:05:19.080 - INFO - +---- END KW: keywords.TicTacToeKeywords.Get Mark (16)
20180205 17:05:19.080 - INFO - +---- START KW: BuiltIn.Should Be Equal [ ${m} | ${mark} ]
20180205 17:05:19.095 - INFO - +---- END KW: BuiltIn.Should Be Equal (15)
20180205 17:05:19.095 - INFO - +--- END KW: Check Location (47)
~~~~~~~~~~~~~~~~~~~~~~~~~~~~~~~~~~~~~~~~~~~~~~~~~~~~~~~~~~~~~~~~~~~~~~~~~~~~~~
20180205 17:05:19.111 - INFO - +--- START KW: keywords.TicTacToeKeywords.Mark Location [ 1 | 0 ]
20180205 17:05:19.126 - INFO - +--- END KW: keywords.TicTacToeKeywords.Mark Location (16)
~~~~~~~~~~~~~~~~~~~~~~~~~~~~~~~~~~~~~~~~~~~~~~~~~~~~~~~~~~~~~~~~~~~~~~~~~~~~~~
20180205 17:05:19.126 - INFO - +--- START KW: Check Location [ 1 | 0 | O ]
20180205 17:05:19.126 - INFO - +---- START KW: keywords.TicTacToeKeywords.Get Mark [ ${row} | ${col} ]
20180205 17:05:19.142 - INFO - ${m} = O
20180205 17:05:19.142 - INFO - +---- END KW: keywords.TicTacToeKeywords.Get Mark (16)
20180205 17:05:19.158 - INFO - +---- START KW: BuiltIn.Should Be Equal [ ${m} | ${mark} ]
20180205 17:05:19.158 - INFO - +---- END KW: BuiltIn.Should Be Equal (16)
20180205 17:05:19.158 - INFO - +--- END KW: Check Location (32)
~~~~~~~~~~~~~~~~~~~~~~~~~~~~~~~~~~~~~~~~~~~~~~~~~~~~~~~~~~~~~~~~~~~~~~~~~~~~~~
20180205 17:05:19.173 - INFO - +--- START KW: keywords.TicTacToeKeywords.Mark Location [ 2 | 2 ]
20180205 17:05:19.173 - INFO - +--- END KW: keywords.TicTacToeKeywords.Mark Location (0)
~~~~~~~~~~~~~~~~~~~~~~~~~~~~~~~~~~~~~~~~~~~~~~~~~~~~~~~~~~~~~~~~~~~~~~~~~~~~~~
20180205 17:05:19.189 - INFO - +--- START KW: Check Location [ 2 | 2 | X ]
20180205 17:05:19.205 - INFO - +---- START KW: keywords.TicTacToeKeywords.Get Mark [ ${row} | ${col} ]
20180205 17:05:19.220 - INFO - ${m} = X
20180205 17:05:19.220 - INFO - +---- END KW: keywords.TicTacToeKeywords.Get Mark (15)
20180205 17:05:19.220 - INFO - +---- START KW: BuiltIn.Should Be Equal [ ${m} | ${mark} ]
20180205 17:05:19.267 - INFO - +---- END KW: BuiltIn.Should Be Equal (47)
20180205 17:05:19.267 - INFO - +--- END KW: Check Location (94)
~~~~~~~~~~~~~~~~~~~~~~~~~~~~~~~~~~~~~~~~~~~~~~~~~~~~~~~~~~~~~~~~~~~~~~~~~~~~~~
20180205 17:05:19.298 - INFO - +--- START KW: Winner Should Be [ TIE ]
20180205 17:05:19.314 - INFO - +---- START KW: keywords.TicTacToeKeywords.Get Winner [ ]
20180205 17:05:19.345 - INFO - ${m} = TIE
20180205 17:05:19.345 - INFO - +---- END KW: keywords.TicTacToeKeywords.Get Winner (47)
20180205 17:05:19.345 - INFO - +---- START KW: BuiltIn.Should Be Equal [ ${m} | ${mark} ]
20180205 17:05:19.361 - INFO - +---- END KW: BuiltIn.Should Be Equal (16)
20180205 17:05:19.361 - INFO - +--- END KW: Winner Should Be (63)
------------------------------------------------------------------------------
20180205 17:05:19.376 - INFO - +-- END TEST: Force a Tie (890)
------------------------------------------------------------------------------
20180205 17:05:19.486 - INFO - +- END SUITE: Acceptancetest.TicTacToeTests (2625)
==============================================================================
20180205 17:05:19.564 - INFO - + END SUITE: Acceptancetest (3848)
==============================================================================
